<?xml version="1.0" encoding="UTF-8"?>
<testsuite xmlns:xsi="http://www.w3.org/2001/XMLSchema-instance" xsi:noNamespaceSchemaLocation="https://maven.apache.org/surefire/maven-surefire-plugin/xsd/surefire-test-report-3.0.xsd" version="3.0" name="com.mms.tests.MMSSystemTest" time="0.038" tests="26" errors="0" skipped="0" failures="0">
  <properties>
[...]
</properties>
  <testcase name="testCreateClinicianViaFactory" classname="com.mms.tests.MMSSystemTest" time="0.007"/>
  <testcase name="testAddTreatmentType" classname="com.mms.tests.MMSSystemTest" time="0.001"/>
  <testcase name="testCalculateBillTotal" classname="com.mms.tests.MMSSystemTest" time="0.001"/>
  <testcase name="testUpgradeNonExistentPatient" classname="com.mms.tests.MMSSystemTest" time="0"/>
  <testcase name="testBookTreatmentAsRegisteredPatient" classname="com.mms.tests.MMSSystemTest" time="0.005"/>
  <testcase name="testGenerateBill" classname="com.mms.tests.MMSSystemTest" time="0"/>
  <testcase name="testAssignNonExistentClinician" classname="com.mms.tests.MMSSystemTest" time="0"/>
  <testcase name="testBookTreatmentAsUnregisteredPatient" classname="com.mms.tests.MMSSystemTest" time="0.001"/>
  <testcase name="testRegisterPatientWithEmptyName" classname="com.mms.tests.MMSSystemTest" time="0"/>
  <testcase name="testSendNotificationToNonExistentPatient" classname="com.mms.tests.MMSSystemTest" time="0"/>
  <testcase name="testAssignClinician" classname="com.mms.tests.MMSSystemTest" time="0.001"/>
  <testcase name="testUpdateTreatmentStatus" classname="com.mms.tests.MMSSystemTest" time="0.001"/>
  <testcase name="testRegisterPatient" classname="com.mms.tests.MMSSystemTest" time="0"/>
  <testcase name="testAddTreatmentTypeWithInvalidPrice" classname="com.mms.tests.MMSSystemTest" time="0"/>
  <testcase name="testValidLogin" classname="com.mms.tests.MMSSystemTest" time="0"/>
  <testcase name="testRemoveNonExistentTreatmentType" classname="com.mms.tests.MMSSystemTest" time="0"/>
  <testcase name="testSendNotification" classname="com.mms.tests.MMSSystemTest" time="0.003">
    <system-out><![CDATA[
[NOTIFICATION for John Doe] Test notification
]]></system-out>
  </testcase>
  <testcase name="testRecordPayment" classname="com.mms.tests.MMSSystemTest" time="0"/>
  <testcase name="testPolymorphismShowMenu" classname="com.mms.tests.MMSSystemTest" time="0">
    <system-out><![CDATA[
====== ADMIN MENU ======
1. Register new patient
2. Upgrade patient to registered
3. Assign patient to clinician
4. Add treatment type
5. Remove treatment type
6. Generate bill
7. Record payment
8. Flag non-paying patient
9. Send notifications
10. View patients / treatments / reports
11. Logout
========================
Select option: 
====== CLINICIAN MENU ======
1. View assigned patients
2. Record treatment
3. Update treatment status
4. Logout
============================
Select option: 
====== PATIENT MENU ======
1. Book treatment
2. View treatment status
3. View bills
4. Enable/disable promotions
5. Logout
=========================
Select option: ]]></system-out>
  </testcase>
  <testcase name="testCreateAdminViaFactory" classname="com.mms.tests.MMSSystemTest" time="0"/>
  <testcase name="testUpgradePatient" classname="com.mms.tests.MMSSystemTest" time="0"/>
  <testcase name="testCreatePatientViaFactory" classname="com.mms.tests.MMSSystemTest" time="0"/>
  <testcase name="testInvalidLogin" classname="com.mms.tests.MMSSystemTest" time="0.001"/>
  <testcase name="testFlagPatient" classname="com.mms.tests.MMSSystemTest" time="0"/>
  <testcase name="testTogglePromotions" classname="com.mms.tests.MMSSystemTest" time="0"/>
  <testcase name="testRemoveTreatmentType" classname="com.mms.tests.MMSSystemTest" time="0"/>
</testsuite>